2025-04-23 11:31:33,712 - DEBUG - Extracting cell info: C66DK60_2
2025-04-23 11:31:33,712 - DEBUG - Extracting cell info: 2022-p2BerekeningHoekHangkasten700+KLEUR.xlsx_OVERZICHTHOEKHANGK_D14
2025-04-23 11:31:33,713 - DEBUG - Product ID already exists: C66DK60_2
2025-04-23 11:31:35,851 - DEBUG - Extracting cell info: None
2025-04-23 11:31:35,852 - DEBUG - Extracting cell info: 2022-p2BerekeningHoekHangkasten700+KLEUR.xlsx_OVERZICHTHOEKHANGK_D12
2025-04-23 11:31:35,852 - DEBUG - Product ID already exists: None
2025-04-23 11:31:35,852 - DEBUG - Product ID is None, trying to reverse mapping: 2022-p2BerekeningHoekHangkasten700+KLEUR.xlsx_OVERZICHTHOEKHANGK_D12
2025-04-23 11:31:35,852 - DEBUG - Product ID not found in reverse mapping: 2022-p2BerekeningHoekHangkasten700+KLEUR.xlsx_OVERZICHTHOEKHANGK_D12
2025-04-23 11:31:35,855 - DEBUG - Extracting cell info: None
2025-04-23 11:31:35,855 - DEBUG - Extracting cell info: 2022-p2BerekeningHoekHangkasten700+KLEUR.xlsx_P66DK60_H60
2025-04-23 11:31:35,855 - DEBUG - Product ID already exists: None
2025-04-23 11:31:35,855 - DEBUG - Product ID is None, trying to reverse mapping: 2022-p2BerekeningHoekHangkasten700+KLEUR.xlsx_P66DK60_H60
2025-04-23 11:31:35,855 - DEBUG - Product ID not found in reverse mapping: 2022-p2BerekeningHoekHangkasten700+KLEUR.xlsx_P66DK60_H60
2025-04-23 11:31:35,860 - DEBUG - Extracting cell info: None
2025-04-23 11:31:35,860 - DEBUG - Extracting cell info: 2022-p2BerekeningHoekHangkasten700+KLEUR.xlsx_DE596x660_H40
2025-04-23 11:31:35,860 - DEBUG - Product ID already exists: None
2025-04-23 11:31:35,860 - DEBUG - Product ID is None, trying to reverse mapping: 2022-p2BerekeningHoekHangkasten700+KLEUR.xlsx_DE596x660_H40
2025-04-23 11:31:35,860 - DEBUG - Product ID not found in reverse mapping: 2022-p2BerekeningHoekHangkasten700+KLEUR.xlsx_DE596x660_H40
2025-04-23 11:31:35,863 - DEBUG - Extracting cell info: None
2025-04-23 11:31:35,864 - DEBUG - Extracting cell info: 2022-p2BerekeningHoekHangkasten700+KLEUR.xlsx_OVERZICHTHOEKHANGK_C14
2025-04-23 11:31:35,864 - DEBUG - Product ID already exists: None
2025-04-23 11:31:35,864 - DEBUG - Product ID is None, trying to reverse mapping: 2022-p2BerekeningHoekHangkasten700+KLEUR.xlsx_OVERZICHTHOEKHANGK_C14
2025-04-23 11:31:35,864 - DEBUG - Product ID not found in reverse mapping: 2022-p2BerekeningHoekHangkasten700+KLEUR.xlsx_OVERZICHTHOEKHANGK_C14
2025-04-23 11:31:35,865 - WARNING - Cell has no formula: C14 in OVERZICHT HOEKHANG K
2025-04-23 11:31:35,866 - DEBUG - Extracting cell info: C66K90_2
2025-04-23 11:31:35,866 - DEBUG - Extracting cell info: 2022-p2BerekeningHoekHangkasten700+KLEUR.xlsx_OVERZICHTHOEKHANGK_E14
2025-04-23 11:31:35,866 - DEBUG - Product ID already exists: C66K90_2
2025-04-23 11:31:35,870 - DEBUG - Extracting cell info: None
2025-04-23 11:31:35,870 - DEBUG - Extracting cell info: 2022-p2BerekeningHoekHangkasten700+KLEUR.xlsx_OVERZICHTHOEKHANGK_E12
2025-04-23 11:31:35,870 - DEBUG - Product ID already exists: None
2025-04-23 11:31:35,870 - DEBUG - Product ID is None, trying to reverse mapping: 2022-p2BerekeningHoekHangkasten700+KLEUR.xlsx_OVERZICHTHOEKHANGK_E12
2025-04-23 11:31:35,870 - DEBUG - Product ID not found in reverse mapping: 2022-p2BerekeningHoekHangkasten700+KLEUR.xlsx_OVERZICHTHOEKHANGK_E12
2025-04-23 11:31:35,873 - DEBUG - Extracting cell info: None
2025-04-23 11:31:35,874 - DEBUG - Extracting cell info: 2022-p2BerekeningHoekHangkasten700+KLEUR.xlsx_P664DK90_H61
2025-04-23 11:31:35,874 - DEBUG - Product ID already exists: None
2025-04-23 11:31:35,874 - DEBUG - Product ID is None, trying to reverse mapping: 2022-p2BerekeningHoekHangkasten700+KLEUR.xlsx_P664DK90_H61
2025-04-23 11:31:35,874 - DEBUG - Product ID not found in reverse mapping: 2022-p2BerekeningHoekHangkasten700+KLEUR.xlsx_P664DK90_H61
2025-04-23 11:31:35,880 - DEBUG - Extracting cell info: None
2025-04-23 11:31:35,880 - DEBUG - Extracting cell info: 2022-p2BerekeningHoekHangkasten700+KLEUR.xlsx_DE446x660(2STUKS)_H40
2025-04-23 11:31:35,880 - DEBUG - Product ID already exists: None
2025-04-23 11:31:35,880 - DEBUG - Product ID is None, trying to reverse mapping: 2022-p2BerekeningHoekHangkasten700+KLEUR.xlsx_DE446x660(2STUKS)_H40
2025-04-23 11:31:35,880 - DEBUG - Product ID not found in reverse mapping: 2022-p2BerekeningHoekHangkasten700+KLEUR.xlsx_DE446x660(2STUKS)_H40
2025-04-23 11:31:35,886 - DEBUG - Extracting cell info: None
2025-04-23 11:31:35,886 - DEBUG - Extracting cell info: 2022-p2BerekeningHoekHangkasten700+KLEUR.xlsx_OVERZICHTHOEKHANGK_C14
2025-04-23 11:31:35,886 - DEBUG - Product ID already exists: None
2025-04-23 11:31:35,886 - DEBUG - Product ID is None, trying to reverse mapping: 2022-p2BerekeningHoekHangkasten700+KLEUR.xlsx_OVERZICHTHOEKHANGK_C14
2025-04-23 11:31:35,886 - DEBUG - Product ID not found in reverse mapping: 2022-p2BerekeningHoekHangkasten700+KLEUR.xlsx_OVERZICHTHOEKHANGK_C14
2025-04-23 11:31:35,889 - WARNING - Cell has no formula: C14 in OVERZICHT HOEKHANG K
2025-04-23 11:31:35,890 - DEBUG - Extracting cell info: C70HB90_2
2025-04-23 11:31:35,890 - DEBUG - Extracting cell info: 2022-p2BerekeningHoekHangkasten700+KLEUR.xlsx_OVERZICHTHOEKHANGK_F5
2025-04-23 11:31:35,890 - DEBUG - Product ID already exists: C70HB90_2
2025-04-23 11:31:35,894 - DEBUG - Extracting cell info: None
2025-04-23 11:31:35,894 - DEBUG - Extracting cell info: 2022-p2BerekeningHoekHangkasten700+KLEUR.xlsx_OVERZICHTHOEKHANGK_F3
2025-04-23 11:31:35,894 - DEBUG - Product ID already exists: None
2025-04-23 11:31:35,894 - DEBUG - Product ID is None, trying to reverse mapping: 2022-p2BerekeningHoekHangkasten700+KLEUR.xlsx_OVERZICHTHOEKHANGK_F3
2025-04-23 11:31:35,894 - DEBUG - Product ID not found in reverse mapping: 2022-p2BerekeningHoekHangkasten700+KLEUR.xlsx_OVERZICHTHOEKHANGK_F3
2025-04-23 11:31:35,897 - DEBUG - Extracting cell info: None
2025-04-23 11:31:35,897 - DEBUG - Extracting cell info: 2022-p2BerekeningHoekHangkasten700+KLEUR.xlsx_C70HB90_H60
2025-04-23 11:31:35,897 - DEBUG - Product ID already exists: None
2025-04-23 11:31:35,897 - DEBUG - Product ID is None, trying to reverse mapping: 2022-p2BerekeningHoekHangkasten700+KLEUR.xlsx_C70HB90_H60
2025-04-23 11:31:35,897 - DEBUG - Product ID not found in reverse mapping: 2022-p2BerekeningHoekHangkasten700+KLEUR.xlsx_C70HB90_H60
2025-04-23 11:31:35,901 - DEBUG - Extracting cell info: None
2025-04-23 11:31:35,902 - DEBUG - Extracting cell info: 2022-p2BerekeningHoekHangkasten700+KLEUR.xlsx_DE546x700_H40
2025-04-23 11:31:35,902 - DEBUG - Product ID already exists: None
2025-04-23 11:31:35,902 - DEBUG - Product ID is None, trying to reverse mapping: 2022-p2BerekeningHoekHangkasten700+KLEUR.xlsx_DE546x700_H40
2025-04-23 11:31:35,902 - DEBUG - Product ID not found in reverse mapping: 2022-p2BerekeningHoekHangkasten700+KLEUR.xlsx_DE546x700_H40
2025-04-23 11:31:35,906 - DEBUG - Extracting cell info: None
2025-04-23 11:31:35,906 - DEBUG - Extracting cell info: 2022-p2BerekeningHoekHangkasten700+KLEUR.xlsx_OVERZICHTHOEKHANGK_C5
2025-04-23 11:31:35,906 - DEBUG - Product ID already exists: None
2025-04-23 11:31:35,906 - DEBUG - Product ID is None, trying to reverse mapping: 2022-p2BerekeningHoekHangkasten700+KLEUR.xlsx_OVERZICHTHOEKHANGK_C5
2025-04-23 11:31:35,906 - DEBUG - Product ID not found in reverse mapping: 2022-p2BerekeningHoekHangkasten700+KLEUR.xlsx_OVERZICHTHOEKHANGK_C5
2025-04-23 11:31:35,909 - WARNING - Cell has no formula: C5 in OVERZICHT HOEKHANG K
2025-04-23 11:31:35,910 - DEBUG - Extracting cell info: C70SHB60_2
2025-04-23 11:31:35,910 - DEBUG - Extracting cell info: 2022-p2BerekeningHoekHangkasten700+KLEUR.xlsx_OVERZICHTHOEKHANGK_E5
2025-04-23 11:31:35,910 - DEBUG - Product ID already exists: C70SHB60_2
2025-04-23 11:31:35,913 - DEBUG - Extracting cell info: None
2025-04-23 11:31:35,914 - DEBUG - Extracting cell info: 2022-p2BerekeningHoekHangkasten700+KLEUR.xlsx_OVERZICHTHOEKHANGK_C5
2025-04-23 11:31:35,914 - DEBUG - Product ID already exists: None
2025-04-23 11:31:35,914 - DEBUG - Product ID is None, trying to reverse mapping: 2022-p2BerekeningHoekHangkasten700+KLEUR.xlsx_OVERZICHTHOEKHANGK_C5
2025-04-23 11:31:35,914 - DEBUG - Product ID not found in reverse mapping: 2022-p2BerekeningHoekHangkasten700+KLEUR.xlsx_OVERZICHTHOEKHANGK_C5
2025-04-23 11:31:35,916 - WARNING - Cell has no formula: C5 in OVERZICHT HOEKHANG K
2025-04-23 11:31:35,917 - DEBUG - Extracting cell info: None
2025-04-23 11:31:35,917 - DEBUG - Extracting cell info: 2022-p2BerekeningHoekHangkasten700+KLEUR.xlsx_OVERZICHTHOEKHANGK_E3
2025-04-23 11:31:35,918 - DEBUG - Product ID already exists: None
2025-04-23 11:31:35,918 - DEBUG - Product ID is None, trying to reverse mapping: 2022-p2BerekeningHoekHangkasten700+KLEUR.xlsx_OVERZICHTHOEKHANGK_E3
2025-04-23 11:31:35,918 - DEBUG - Product ID not found in reverse mapping: 2022-p2BerekeningHoekHangkasten700+KLEUR.xlsx_OVERZICHTHOEKHANGK_E3
2025-04-23 11:31:35,921 - DEBUG - Extracting cell info: None
2025-04-23 11:31:35,921 - DEBUG - Extracting cell info: 2022-p2BerekeningHoekHangkasten700+KLEUR.xlsx_C70SH60_H59
2025-04-23 11:31:35,921 - DEBUG - Product ID already exists: None
2025-04-23 11:31:35,921 - DEBUG - Product ID is None, trying to reverse mapping: 2022-p2BerekeningHoekHangkasten700+KLEUR.xlsx_C70SH60_H59
2025-04-23 11:31:35,921 - DEBUG - Product ID not found in reverse mapping: 2022-p2BerekeningHoekHangkasten700+KLEUR.xlsx_C70SH60_H59
2025-04-23 11:31:35,925 - DEBUG - Extracting cell info: None
2025-04-23 11:31:35,926 - DEBUG - Extracting cell info: 2022-p2BerekeningHoekHangkasten700+KLEUR.xlsx_DE351x700_H39
2025-04-23 11:31:35,926 - DEBUG - Product ID already exists: None
2025-04-23 11:31:35,926 - DEBUG - Product ID is None, trying to reverse mapping: 2022-p2BerekeningHoekHangkasten700+KLEUR.xlsx_DE351x700_H39
2025-04-23 11:31:35,926 - DEBUG - Product ID not found in reverse mapping: 2022-p2BerekeningHoekHangkasten700+KLEUR.xlsx_DE351x700_H39
2025-04-23 11:31:35,929 - DEBUG - Extracting cell info: C70SHB64_2
2025-04-23 11:31:35,930 - DEBUG - Extracting cell info: 2022-p2BerekeningHoekHangkasten700+KLEUR.xlsx_OVERZICHTHOEKHANGK_E5
2025-04-23 11:31:35,930 - DEBUG - Product ID already exists: C70SHB64_2
2025-04-23 11:31:35,933 - DEBUG - Extracting cell info: None
2025-04-23 11:31:35,934 - DEBUG - Extracting cell info: 2022-p2BerekeningHoekHangkasten700+KLEUR.xlsx_OVERZICHTHOEKHANGK_C5
2025-04-23 11:31:35,934 - DEBUG - Product ID already exists: None
2025-04-23 11:31:35,934 - DEBUG - Product ID is None, trying to reverse mapping: 2022-p2BerekeningHoekHangkasten700+KLEUR.xlsx_OVERZICHTHOEKHANGK_C5
2025-04-23 11:31:35,934 - DEBUG - Product ID not found in reverse mapping: 2022-p2BerekeningHoekHangkasten700+KLEUR.xlsx_OVERZICHTHOEKHANGK_C5
2025-04-23 11:31:35,936 - WARNING - Cell has no formula: C5 in OVERZICHT HOEKHANG K
2025-04-23 11:31:35,937 - DEBUG - Extracting cell info: None
2025-04-23 11:31:35,937 - DEBUG - Extracting cell info: 2022-p2BerekeningHoekHangkasten700+KLEUR.xlsx_OVERZICHTHOEKHANGK_E3
2025-04-23 11:31:35,937 - DEBUG - Product ID already exists: None
2025-04-23 11:31:35,937 - DEBUG - Product ID is None, trying to reverse mapping: 2022-p2BerekeningHoekHangkasten700+KLEUR.xlsx_OVERZICHTHOEKHANGK_E3
2025-04-23 11:31:35,937 - DEBUG - Product ID not found in reverse mapping: 2022-p2BerekeningHoekHangkasten700+KLEUR.xlsx_OVERZICHTHOEKHANGK_E3
2025-04-23 11:31:35,941 - DEBUG - Extracting cell info: C70HB60_2
2025-04-23 11:31:35,941 - DEBUG - Extracting cell info: 2022-p2BerekeningHoekHangkasten700+KLEUR.xlsx_OVERZICHTHOEKHANGK_D5
2025-04-23 11:31:35,941 - DEBUG - Product ID already exists: C70HB60_2
2025-04-23 11:31:35,944 - DEBUG - Extracting cell info: None
2025-04-23 11:31:35,944 - DEBUG - Extracting cell info: 2022-p2BerekeningHoekHangkasten700+KLEUR.xlsx_OVERZICHTHOEKHANGK_C5
2025-04-23 11:31:35,944 - DEBUG - Product ID already exists: None
2025-04-23 11:31:35,945 - DEBUG - Product ID is None, trying to reverse mapping: 2022-p2BerekeningHoekHangkasten700+KLEUR.xlsx_OVERZICHTHOEKHANGK_C5
2025-04-23 11:31:35,945 - DEBUG - Product ID not found in reverse mapping: 2022-p2BerekeningHoekHangkasten700+KLEUR.xlsx_OVERZICHTHOEKHANGK_C5
2025-04-23 11:31:35,947 - WARNING - Cell has no formula: C5 in OVERZICHT HOEKHANG K
2025-04-23 11:31:35,947 - DEBUG - Extracting cell info: None
2025-04-23 11:31:35,947 - DEBUG - Extracting cell info: 2022-p2BerekeningHoekHangkasten700+KLEUR.xlsx_OVERZICHTHOEKHANGK_D3
2025-04-23 11:31:35,948 - DEBUG - Product ID already exists: None
2025-04-23 11:31:35,948 - DEBUG - Product ID is None, trying to reverse mapping: 2022-p2BerekeningHoekHangkasten700+KLEUR.xlsx_OVERZICHTHOEKHANGK_D3
2025-04-23 11:31:35,948 - DEBUG - Product ID not found in reverse mapping: 2022-p2BerekeningHoekHangkasten700+KLEUR.xlsx_OVERZICHTHOEKHANGK_D3
2025-04-23 11:31:35,952 - DEBUG - Extracting cell info: None
2025-04-23 11:31:35,952 - DEBUG - Extracting cell info: 2022-p2BerekeningHoekHangkasten700+KLEUR.xlsx_C70HB60_H61
2025-04-23 11:31:35,952 - DEBUG - Product ID already exists: None
2025-04-23 11:31:35,953 - DEBUG - Product ID is None, trying to reverse mapping: 2022-p2BerekeningHoekHangkasten700+KLEUR.xlsx_C70HB60_H61
2025-04-23 11:31:35,953 - DEBUG - Product ID not found in reverse mapping: 2022-p2BerekeningHoekHangkasten700+KLEUR.xlsx_C70HB60_H61
2025-04-23 11:31:35,956 - DEBUG - Extracting cell info: None
2025-04-23 11:31:35,957 - DEBUG - Extracting cell info: 2022-p2BerekeningHoekHangkasten700+KLEUR.xlsx_DE245x700_H39
2025-04-23 11:31:35,957 - DEBUG - Product ID already exists: None
2025-04-23 11:31:35,957 - DEBUG - Product ID is None, trying to reverse mapping: 2022-p2BerekeningHoekHangkasten700+KLEUR.xlsx_DE245x700_H39
2025-04-23 11:31:35,957 - DEBUG - Product ID not found in reverse mapping: 2022-p2BerekeningHoekHangkasten700+KLEUR.xlsx_DE245x700_H39
2025-04-23 11:31:35,961 - DEBUG - Extracting cell info: None
2025-04-23 11:31:35,961 - DEBUG - Extracting cell info: 2022-p2BerekeningHoekHangkasten700+KLEUR.xlsx_DE265x700_H39
2025-04-23 11:31:35,961 - DEBUG - Product ID already exists: None
2025-04-23 11:31:35,961 - DEBUG - Product ID is None, trying to reverse mapping: 2022-p2BerekeningHoekHangkasten700+KLEUR.xlsx_DE265x700_H39
2025-04-23 11:31:35,961 - DEBUG - Product ID not found in reverse mapping: 2022-p2BerekeningHoekHangkasten700+KLEUR.xlsx_DE265x700_H39
2025-04-23 11:31:35,965 - DEBUG - Extracting cell info: C70HB64_2
2025-04-23 11:31:35,965 - DEBUG - Extracting cell info: 2022-p2BerekeningHoekHangkasten700+KLEUR.xlsx_OVERZICHTHOEKHANGK_D5
2025-04-23 11:31:35,965 - DEBUG - Product ID already exists: C70HB64_2
2025-04-23 11:31:35,968 - DEBUG - Extracting cell info: None
2025-04-23 11:31:35,968 - DEBUG - Extracting cell info: 2022-p2BerekeningHoekHangkasten700+KLEUR.xlsx_OVERZICHTHOEKHANGK_C5
2025-04-23 11:31:35,969 - DEBUG - Product ID already exists: None
2025-04-23 11:31:35,969 - DEBUG - Product ID is None, trying to reverse mapping: 2022-p2BerekeningHoekHangkasten700+KLEUR.xlsx_OVERZICHTHOEKHANGK_C5
2025-04-23 11:31:35,969 - DEBUG - Product ID not found in reverse mapping: 2022-p2BerekeningHoekHangkasten700+KLEUR.xlsx_OVERZICHTHOEKHANGK_C5
2025-04-23 11:31:35,971 - WARNING - Cell has no formula: C5 in OVERZICHT HOEKHANG K
2025-04-23 11:31:35,972 - DEBUG - Extracting cell info: None
2025-04-23 11:31:35,972 - DEBUG - Extracting cell info: 2022-p2BerekeningHoekHangkasten700+KLEUR.xlsx_OVERZICHTHOEKHANGK_D3
2025-04-23 11:31:35,972 - DEBUG - Product ID already exists: None
2025-04-23 11:31:35,972 - DEBUG - Product ID is None, trying to reverse mapping: 2022-p2BerekeningHoekHangkasten700+KLEUR.xlsx_OVERZICHTHOEKHANGK_D3
2025-04-23 11:31:35,972 - DEBUG - Product ID not found in reverse mapping: 2022-p2BerekeningHoekHangkasten700+KLEUR.xlsx_OVERZICHTHOEKHANGK_D3
2025-04-23 11:31:35,975 - DEBUG - Extracting cell info: CO15_1
2025-04-23 11:31:35,975 - DEBUG - Extracting cell info: 2022-P1BerekeningOpenOnderkasten794-KLEUR.xlsx_OVERZICHTPO_D5
2025-04-23 11:31:35,975 - DEBUG - Product ID already exists: CO15_1
2025-04-23 11:31:42,669 - DEBUG - Extracting cell info: None
2025-04-23 11:31:42,669 - DEBUG - Extracting cell info: 2022-P1BerekeningOpenOnderkasten794-KLEUR.xlsx_OVERZICHTPO_C5
2025-04-23 11:31:42,669 - DEBUG - Product ID already exists: None
2025-04-23 11:31:42,670 - DEBUG - Product ID is None, trying to reverse mapping: 2022-P1BerekeningOpenOnderkasten794-KLEUR.xlsx_OVERZICHTPO_C5
2025-04-23 11:31:42,670 - DEBUG - Product ID not found in reverse mapping: 2022-P1BerekeningOpenOnderkasten794-KLEUR.xlsx_OVERZICHTPO_C5
2025-04-23 11:31:42,677 - WARNING - Cell has no formula: C5 in OVERZICHT PO
2025-04-23 11:31:42,678 - DEBUG - Extracting cell info: None
2025-04-23 11:31:42,678 - DEBUG - Extracting cell info: 2022-P1BerekeningOpenOnderkasten794-KLEUR.xlsx_OVERZICHTPO_D3
2025-04-23 11:31:42,678 - DEBUG - Product ID already exists: None
2025-04-23 11:31:42,678 - DEBUG - Product ID is None, trying to reverse mapping: 2022-P1BerekeningOpenOnderkasten794-KLEUR.xlsx_OVERZICHTPO_D3
2025-04-23 11:31:42,678 - DEBUG - Product ID found: COO30_1
