2025-03-18 16:09:06,890 - DEBUG - Extracting cell info: CKPL213OM45_7
2025-03-18 16:09:06,890 - DEBUG - Extracting cell info: 2022-P7BerekeningKolomPLadeF+O(11-12-14-17-18-19-20-21-23)2137-KLEUR.xlsx_OVERZICHTCKP213_I3
2025-03-18 16:09:06,891 - DEBUG - Product ID already exists: CKPL213OM45_7
2025-03-18 16:09:09,815 - DEBUG - Extracting cell info: None
2025-03-18 16:09:09,815 - DEBUG - Extracting cell info: 2022-P7BerekeningKolomPLadeF+O(11-12-14-17-18-19-20-21-23)2137-KLEUR.xlsx_LADE600x500_I37
2025-03-18 16:09:09,815 - DEBUG - Product ID already exists: None
2025-03-18 16:09:09,815 - DEBUG - Product ID is None, trying to reverse mapping: 2022-P7BerekeningKolomPLadeF+O(11-12-14-17-18-19-20-21-23)2137-KLEUR.xlsx_LADE600x500_I37
2025-03-18 16:09:09,815 - DEBUG - Product ID not found in reverse mapping: 2022-P7BerekeningKolomPLadeF+O(11-12-14-17-18-19-20-21-23)2137-KLEUR.xlsx_LADE600x500_I37
2025-03-18 16:09:09,822 - WARNING - Cell has no formula: I37 in LADE 600x500
2025-03-18 16:09:09,823 - DEBUG - Extracting cell info: None
2025-03-18 16:09:09,823 - DEBUG - Extracting cell info: 2022-P7BerekeningKolomPLadeF+O(11-12-14-17-18-19-20-21-23)2137-KLEUR.xlsx_OVERZICHTCKP213_H3
2025-03-18 16:09:09,824 - DEBUG - Product ID already exists: None
2025-03-18 16:09:09,824 - DEBUG - Product ID is None, trying to reverse mapping: 2022-P7BerekeningKolomPLadeF+O(11-12-14-17-18-19-20-21-23)2137-KLEUR.xlsx_OVERZICHTCKP213_H3
2025-03-18 16:09:09,824 - DEBUG - Product ID found: CKPL213F88_7
2025-03-18 16:09:09,830 - DEBUG - Extracting cell info: CKPL231OM45_6
2025-03-18 16:09:09,831 - DEBUG - Extracting cell info: 2022-P6BerekeningKolomPLadeF+O(11-12-14-17-18-19-20-21-23)2317KLEUR.xlsx_OVERZICHTCKP231_I3
2025-03-18 16:09:09,831 - DEBUG - Product ID already exists: CKPL231OM45_6
2025-03-18 16:09:16,076 - DEBUG - Extracting cell info: None
2025-03-18 16:09:16,077 - DEBUG - Extracting cell info: 2022-P6BerekeningKolomPLadeF+O(11-12-14-17-18-19-20-21-23)2317KLEUR.xlsx_LADE600x500_I37
2025-03-18 16:09:16,077 - DEBUG - Product ID already exists: None
2025-03-18 16:09:16,077 - DEBUG - Product ID is None, trying to reverse mapping: 2022-P6BerekeningKolomPLadeF+O(11-12-14-17-18-19-20-21-23)2317KLEUR.xlsx_LADE600x500_I37
2025-03-18 16:09:16,077 - DEBUG - Product ID not found in reverse mapping: 2022-P6BerekeningKolomPLadeF+O(11-12-14-17-18-19-20-21-23)2317KLEUR.xlsx_LADE600x500_I37
2025-03-18 16:09:16,084 - WARNING - Cell has no formula: I37 in LADE 600x500
2025-03-18 16:09:16,086 - DEBUG - Extracting cell info: None
2025-03-18 16:09:16,086 - DEBUG - Extracting cell info: 2022-P6BerekeningKolomPLadeF+O(11-12-14-17-18-19-20-21-23)2317KLEUR.xlsx_OVERZICHTCKP231_H3
2025-03-18 16:09:16,087 - DEBUG - Product ID already exists: None
2025-03-18 16:09:16,087 - DEBUG - Product ID is None, trying to reverse mapping: 2022-P6BerekeningKolomPLadeF+O(11-12-14-17-18-19-20-21-23)2317KLEUR.xlsx_OVERZICHTCKP231_H3
2025-03-18 16:09:16,087 - DEBUG - Product ID found: CKPL231F88_6
2025-03-18 16:09:16,093 - DEBUG - Extracting cell info: CO2PBL55_1
2025-03-18 16:09:16,093 - DEBUG - Extracting cell info: 2022-P1BerekeningLadenkasten794-KLEUR.xlsx_OVERZICHTCOP_I11
2025-03-18 16:09:16,093 - DEBUG - Product ID already exists: CO2PBL55_1
2025-03-18 16:09:18,514 - DEBUG - Extracting cell info: None
2025-03-18 16:09:18,515 - DEBUG - Extracting cell info: 2022-P1BerekeningLadenkasten794-KLEUR.xlsx_OVERZICHTCOP_I3
2025-03-18 16:09:18,515 - DEBUG - Product ID already exists: None
2025-03-18 16:09:18,515 - DEBUG - Product ID is None, trying to reverse mapping: 2022-P1BerekeningLadenkasten794-KLEUR.xlsx_OVERZICHTCOP_I3
2025-03-18 16:09:18,515 - DEBUG - Product ID not found in reverse mapping: 2022-P1BerekeningLadenkasten794-KLEUR.xlsx_OVERZICHTCOP_I3
2025-03-18 16:09:18,539 - DEBUG - Extracting cell info: None
2025-03-18 16:09:18,540 - DEBUG - Extracting cell info: 2022-P1BerekeningLadenkasten794-KLEUR.xlsx_CO55_H59
2025-03-18 16:09:18,540 - DEBUG - Product ID already exists: None
2025-03-18 16:09:18,540 - DEBUG - Product ID is None, trying to reverse mapping: 2022-P1BerekeningLadenkasten794-KLEUR.xlsx_CO55_H59
2025-03-18 16:09:18,540 - DEBUG - Product ID not found in reverse mapping: 2022-P1BerekeningLadenkasten794-KLEUR.xlsx_CO55_H59
2025-03-18 16:09:18,556 - DEBUG - Extracting cell info: None
2025-03-18 16:09:18,557 - DEBUG - Extracting cell info: 2022-P1BerekeningLadenkasten794-KLEUR.xlsx_PLADE55_J39
2025-03-18 16:09:18,557 - DEBUG - Product ID already exists: None
2025-03-18 16:09:18,557 - DEBUG - Product ID is None, trying to reverse mapping: 2022-P1BerekeningLadenkasten794-KLEUR.xlsx_PLADE55_J39
2025-03-18 16:09:18,557 - DEBUG - Product ID not found in reverse mapping: 2022-P1BerekeningLadenkasten794-KLEUR.xlsx_PLADE55_J39
2025-03-18 16:09:18,575 - DEBUG - Extracting cell info: None
2025-03-18 16:09:18,575 - DEBUG - Extracting cell info: 2022-P1BerekeningLadenkasten794-KLEUR.xlsx_PLADE55_H39
2025-03-18 16:09:18,575 - DEBUG - Product ID already exists: None
2025-03-18 16:09:18,576 - DEBUG - Product ID is None, trying to reverse mapping: 2022-P1BerekeningLadenkasten794-KLEUR.xlsx_PLADE55_H39
2025-03-18 16:09:18,576 - DEBUG - Product ID not found in reverse mapping: 2022-P1BerekeningLadenkasten794-KLEUR.xlsx_PLADE55_H39
2025-03-18 16:09:18,583 - DEBUG - Extracting cell info: None
2025-03-18 16:09:18,583 - DEBUG - Extracting cell info: 2022-P1BerekeningLadenkasten794-KLEUR.xlsx_PLADE55_J38
2025-03-18 16:09:18,583 - DEBUG - Product ID already exists: None
2025-03-18 16:09:18,584 - DEBUG - Product ID is None, trying to reverse mapping: 2022-P1BerekeningLadenkasten794-KLEUR.xlsx_PLADE55_J38
2025-03-18 16:09:18,584 - DEBUG - Product ID not found in reverse mapping: 2022-P1BerekeningLadenkasten794-KLEUR.xlsx_PLADE55_J38
2025-03-18 16:09:18,594 - WARNING - Cell has no formula: J38 in PLADE 55
2025-03-18 16:09:18,596 - DEBUG - Extracting cell info: None
2025-03-18 16:09:18,596 - DEBUG - Extracting cell info: 2022-P1BerekeningLadenkasten794-KLEUR.xlsx_FR546x394_J33
2025-03-18 16:09:18,596 - DEBUG - Product ID already exists: None
2025-03-18 16:09:18,597 - DEBUG - Product ID is None, trying to reverse mapping: 2022-P1BerekeningLadenkasten794-KLEUR.xlsx_FR546x394_J33
2025-03-18 16:09:18,597 - DEBUG - Product ID not found in reverse mapping: 2022-P1BerekeningLadenkasten794-KLEUR.xlsx_FR546x394_J33
2025-03-18 16:09:18,609 - DEBUG - Extracting cell info: None
2025-03-18 16:09:18,609 - DEBUG - Extracting cell info: 2022-P1BerekeningLadenkasten794-KLEUR.xlsx_FR546x394_H33
2025-03-18 16:09:18,610 - DEBUG - Product ID already exists: None
2025-03-18 16:09:18,610 - DEBUG - Product ID is None, trying to reverse mapping: 2022-P1BerekeningLadenkasten794-KLEUR.xlsx_FR546x394_H33
2025-03-18 16:09:18,610 - DEBUG - Product ID not found in reverse mapping: 2022-P1BerekeningLadenkasten794-KLEUR.xlsx_FR546x394_H33
2025-03-18 16:09:18,617 - DEBUG - Extracting cell info: None
2025-03-18 16:09:18,617 - DEBUG - Extracting cell info: 2022-P1BerekeningLadenkasten794-KLEUR.xlsx_OVERZICHTCOP_X19
2025-03-18 16:09:18,618 - DEBUG - Product ID already exists: None
2025-03-18 16:09:18,618 - DEBUG - Product ID is None, trying to reverse mapping: 2022-P1BerekeningLadenkasten794-KLEUR.xlsx_OVERZICHTCOP_X19
2025-03-18 16:09:18,618 - DEBUG - Product ID not found in reverse mapping: 2022-P1BerekeningLadenkasten794-KLEUR.xlsx_OVERZICHTCOP_X19
2025-03-18 16:09:18,627 - DEBUG - Extracting cell info: None
2025-03-18 16:09:18,627 - DEBUG - Extracting cell info: 2022-P1BerekeningLadenkasten794-KLEUR.xlsx_LADE55_H37
2025-03-18 16:09:18,627 - DEBUG - Product ID already exists: None
2025-03-18 16:09:18,628 - DEBUG - Product ID is None, trying to reverse mapping: 2022-P1BerekeningLadenkasten794-KLEUR.xlsx_LADE55_H37
2025-03-18 16:09:18,628 - DEBUG - Product ID not found in reverse mapping: 2022-P1BerekeningLadenkasten794-KLEUR.xlsx_LADE55_H37
2025-03-18 16:09:18,640 - DEBUG - Extracting cell info: None
2025-03-18 16:09:18,640 - DEBUG - Extracting cell info: 2022-P1BerekeningLadenkasten794-KLEUR.xlsx_LADE55_R37
2025-03-18 16:09:18,640 - DEBUG - Product ID already exists: None
2025-03-18 16:09:18,640 - DEBUG - Product ID is None, trying to reverse mapping: 2022-P1BerekeningLadenkasten794-KLEUR.xlsx_LADE55_R37
2025-03-18 16:09:18,640 - DEBUG - Product ID not found in reverse mapping: 2022-P1BerekeningLadenkasten794-KLEUR.xlsx_LADE55_R37
2025-03-18 16:09:18,649 - DEBUG - Extracting cell info: None
2025-03-18 16:09:18,649 - DEBUG - Extracting cell info: 2022-P1BerekeningLadenkasten794-KLEUR.xlsx_LADE55_R36
2025-03-18 16:09:18,649 - DEBUG - Product ID already exists: None
2025-03-18 16:09:18,649 - DEBUG - Product ID is None, trying to reverse mapping: 2022-P1BerekeningLadenkasten794-KLEUR.xlsx_LADE55_R36
2025-03-18 16:09:18,650 - DEBUG - Product ID not found in reverse mapping: 2022-P1BerekeningLadenkasten794-KLEUR.xlsx_LADE55_R36
2025-03-18 16:09:18,662 - DEBUG - Extracting cell info: None
2025-03-18 16:09:18,662 - DEBUG - Extracting cell info: 2022-P1BerekeningLadenkasten794-KLEUR.xlsx_LADE55_W13
2025-03-18 16:09:18,662 - DEBUG - Product ID already exists: None
2025-03-18 16:09:18,663 - DEBUG - Product ID is None, trying to reverse mapping: 2022-P1BerekeningLadenkasten794-KLEUR.xlsx_LADE55_W13
2025-03-18 16:09:18,663 - DEBUG - Product ID not found in reverse mapping: 2022-P1BerekeningLadenkasten794-KLEUR.xlsx_LADE55_W13
2025-03-18 16:09:18,674 - DEBUG - Extracting cell info: None
2025-03-18 16:09:18,674 - DEBUG - Extracting cell info: calculatiecat2022.xlsx_c.basis_I94
2025-03-18 16:09:18,674 - ERROR - None
2025-03-18 16:09:18,675 - DEBUG - Extracting cell info: None
2025-03-18 16:09:18,675 - DEBUG - Extracting cell info: 2022-P1BerekeningLadenkasten794-KLEUR.xlsx_LADE55_Q36
2025-03-18 16:09:18,675 - DEBUG - Product ID already exists: None
2025-03-18 16:09:18,675 - DEBUG - Product ID is None, trying to reverse mapping: 2022-P1BerekeningLadenkasten794-KLEUR.xlsx_LADE55_Q36
2025-03-18 16:09:18,675 - DEBUG - Product ID not found in reverse mapping: 2022-P1BerekeningLadenkasten794-KLEUR.xlsx_LADE55_Q36
2025-03-18 16:09:18,681 - WARNING - Cell has no formula: Q36 in LADE 55
2025-03-18 16:09:18,683 - DEBUG - Extracting cell info: None
2025-03-18 16:09:18,684 - DEBUG - Extracting cell info: 2022-P1BerekeningLadenkasten794-KLEUR.xlsx_LADE55_R35
2025-03-18 16:09:18,684 - DEBUG - Product ID already exists: None
2025-03-18 16:09:18,684 - DEBUG - Product ID is None, trying to reverse mapping: 2022-P1BerekeningLadenkasten794-KLEUR.xlsx_LADE55_R35
2025-03-18 16:09:18,684 - DEBUG - Product ID not found in reverse mapping: 2022-P1BerekeningLadenkasten794-KLEUR.xlsx_LADE55_R35
2025-03-18 16:09:18,692 - WARNING - Cell has no formula: R35 in LADE 55
2025-03-18 16:09:18,694 - DEBUG - Extracting cell info: None
2025-03-18 16:09:18,694 - DEBUG - Extracting cell info: 2022-P1BerekeningLadenkasten794-KLEUR.xlsx_LADE55_R34
2025-03-18 16:09:18,695 - DEBUG - Product ID already exists: None
2025-03-18 16:09:18,695 - DEBUG - Product ID is None, trying to reverse mapping: 2022-P1BerekeningLadenkasten794-KLEUR.xlsx_LADE55_R34
2025-03-18 16:09:18,695 - DEBUG - Product ID not found in reverse mapping: 2022-P1BerekeningLadenkasten794-KLEUR.xlsx_LADE55_R34
2025-03-18 16:09:18,704 - DEBUG - Extracting cell info: None
2025-03-18 16:09:18,704 - DEBUG - Extracting cell info: 2022-P1BerekeningLadenkasten794-KLEUR.xlsx_LADE55_W4
2025-03-18 16:09:18,704 - DEBUG - Product ID already exists: None
2025-03-18 16:09:18,704 - DEBUG - Product ID is None, trying to reverse mapping: 2022-P1BerekeningLadenkasten794-KLEUR.xlsx_LADE55_W4
2025-03-18 16:09:18,704 - DEBUG - Product ID not found in reverse mapping: 2022-P1BerekeningLadenkasten794-KLEUR.xlsx_LADE55_W4
2025-03-18 16:09:18,710 - DEBUG - Extracting cell info: None
2025-03-18 16:09:18,711 - DEBUG - Extracting cell info: calculatiecat2022.xlsx_c.basis_I92
2025-03-18 16:09:18,711 - ERROR - None
2025-03-18 16:09:18,711 - DEBUG - Extracting cell info: CO2PBL30_4
2025-03-18 16:09:18,712 - DEBUG - Extracting cell info: 2022-P4BerekeningLadenkasten794-KLEUR.xlsx_OVERZICHTCOP_D11
2025-03-18 16:09:18,712 - DEBUG - Product ID already exists: CO2PBL30_4
2025-03-18 16:09:21,768 - DEBUG - Extracting cell info: None
2025-03-18 16:09:21,768 - DEBUG - Extracting cell info: 2022-P4BerekeningLadenkasten794-KLEUR.xlsx_OVERZICHTCOP_D3
2025-03-18 16:09:21,768 - DEBUG - Product ID already exists: None
2025-03-18 16:09:21,768 - DEBUG - Product ID is None, trying to reverse mapping: 2022-P4BerekeningLadenkasten794-KLEUR.xlsx_OVERZICHTCOP_D3
2025-03-18 16:09:21,768 - DEBUG - Product ID found: CO2P30_4
2025-03-18 16:09:21,773 - DEBUG - Extracting cell info: None
2025-03-18 16:09:21,774 - DEBUG - Extracting cell info: 2022-P4BerekeningLadenkasten794-KLEUR.xlsx_OVERZICHTCOP_S19
2025-03-18 16:09:21,774 - DEBUG - Product ID already exists: None
2025-03-18 16:09:21,774 - DEBUG - Product ID is None, trying to reverse mapping: 2022-P4BerekeningLadenkasten794-KLEUR.xlsx_OVERZICHTCOP_S19
2025-03-18 16:09:21,774 - DEBUG - Product ID not found in reverse mapping: 2022-P4BerekeningLadenkasten794-KLEUR.xlsx_OVERZICHTCOP_S19
2025-03-18 16:09:21,778 - WARNING - Cell has no formula: S19 in OVERZICHT COP
2025-03-18 16:09:21,779 - DEBUG - Extracting cell info: CO4L60_2
2025-03-18 16:09:21,780 - DEBUG - Extracting cell info: 2022-P2Berekening2bLadenkasten794-KLEUR.xlsx_OVERZICHTCOP_J65
2025-03-18 16:09:21,780 - DEBUG - Product ID already exists: CO4L60_2
2025-03-18 16:09:24,237 - DEBUG - Extracting cell info: None
2025-03-18 16:09:24,237 - DEBUG - Extracting cell info: 2022-P1BerekeningLadenkasten794-KLEUR.xlsx_CO60_H59
2025-03-18 16:09:24,237 - DEBUG - Product ID already exists: None
2025-03-18 16:09:24,237 - DEBUG - Product ID is None, trying to reverse mapping: 2022-P1BerekeningLadenkasten794-KLEUR.xlsx_CO60_H59
2025-03-18 16:09:24,237 - DEBUG - Product ID not found in reverse mapping: 2022-P1BerekeningLadenkasten794-KLEUR.xlsx_CO60_H59
2025-03-18 16:09:24,243 - DEBUG - Extracting cell info: None
2025-03-18 16:09:24,243 - DEBUG - Extracting cell info: 2022-P1BerekeningLadenkasten794-KLEUR.xlsx_LADE60_H37
2025-03-18 16:09:24,243 - DEBUG - Product ID already exists: None
2025-03-18 16:09:24,243 - DEBUG - Product ID is None, trying to reverse mapping: 2022-P1BerekeningLadenkasten794-KLEUR.xlsx_LADE60_H37
2025-03-18 16:09:24,243 - DEBUG - Product ID not found in reverse mapping: 2022-P1BerekeningLadenkasten794-KLEUR.xlsx_LADE60_H37
2025-03-18 16:09:24,250 - DEBUG - Extracting cell info: None
2025-03-18 16:09:24,251 - DEBUG - Extracting cell info: 2022-P1BerekeningLadenkasten794-KLEUR.xlsx_FR596x196_H33
2025-03-18 16:09:24,251 - DEBUG - Product ID already exists: None
2025-03-18 16:09:24,251 - DEBUG - Product ID is None, trying to reverse mapping: 2022-P1BerekeningLadenkasten794-KLEUR.xlsx_FR596x196_H33
2025-03-18 16:09:24,251 - DEBUG - Product ID not found in reverse mapping: 2022-P1BerekeningLadenkasten794-KLEUR.xlsx_FR596x196_H33
2025-03-18 16:09:24,256 - DEBUG - Extracting cell info: CO4L55_2
2025-03-18 16:09:24,257 - DEBUG - Extracting cell info: 2022-P2Berekening2bLadenkasten794-KLEUR.xlsx_OVERZICHTCOP_I65
2025-03-18 16:09:24,257 - DEBUG - Product ID already exists: CO4L55_2
2025-03-18 16:09:24,264 - DEBUG - Extracting cell info: None
2025-03-18 16:09:24,265 - DEBUG - Extracting cell info: 2022-P1BerekeningLadenkasten794-KLEUR.xlsx_CO55_H59
2025-03-18 16:09:24,265 - DEBUG - Product ID already exists: None
2025-03-18 16:09:24,265 - DEBUG - Product ID is None, trying to reverse mapping: 2022-P1BerekeningLadenkasten794-KLEUR.xlsx_CO55_H59
2025-03-18 16:09:24,265 - DEBUG - Product ID not found in reverse mapping: 2022-P1BerekeningLadenkasten794-KLEUR.xlsx_CO55_H59
2025-03-18 16:09:24,271 - DEBUG - Extracting cell info: None
2025-03-18 16:09:24,271 - DEBUG - Extracting cell info: 2022-P1BerekeningLadenkasten794-KLEUR.xlsx_LADE55_H37
2025-03-18 16:09:24,271 - DEBUG - Product ID already exists: None
2025-03-18 16:09:24,271 - DEBUG - Product ID is None, trying to reverse mapping: 2022-P1BerekeningLadenkasten794-KLEUR.xlsx_LADE55_H37
2025-03-18 16:09:24,271 - DEBUG - Product ID not found in reverse mapping: 2022-P1BerekeningLadenkasten794-KLEUR.xlsx_LADE55_H37
2025-03-18 16:09:24,279 - DEBUG - Extracting cell info: None
2025-03-18 16:09:24,279 - DEBUG - Extracting cell info: 2022-P1BerekeningLadenkasten794-KLEUR.xlsx_FR546x196_H33
2025-03-18 16:09:24,279 - DEBUG - Product ID already exists: None
2025-03-18 16:09:24,279 - DEBUG - Product ID is None, trying to reverse mapping: 2022-P1BerekeningLadenkasten794-KLEUR.xlsx_FR546x196_H33
2025-03-18 16:09:24,279 - DEBUG - Product ID not found in reverse mapping: 2022-P1BerekeningLadenkasten794-KLEUR.xlsx_FR546x196_H33
2025-03-18 16:09:24,285 - DEBUG - Extracting cell info: CO4L50_2
2025-03-18 16:09:24,285 - DEBUG - Extracting cell info: 2022-P2Berekening2bLadenkasten794-KLEUR.xlsx_OVERZICHTCOP_H65
2025-03-18 16:09:24,285 - DEBUG - Product ID already exists: CO4L50_2
2025-03-18 16:09:24,293 - DEBUG - Extracting cell info: None
2025-03-18 16:09:24,294 - DEBUG - Extracting cell info: 2022-P1BerekeningLadenkasten794-KLEUR.xlsx_CO50_H59
2025-03-18 16:09:24,294 - DEBUG - Product ID already exists: None
2025-03-18 16:09:24,294 - DEBUG - Product ID is None, trying to reverse mapping: 2022-P1BerekeningLadenkasten794-KLEUR.xlsx_CO50_H59
2025-03-18 16:09:24,294 - DEBUG - Product ID not found in reverse mapping: 2022-P1BerekeningLadenkasten794-KLEUR.xlsx_CO50_H59
2025-03-18 16:09:24,300 - DEBUG - Extracting cell info: None
2025-03-18 16:09:24,300 - DEBUG - Extracting cell info: 2022-P1BerekeningLadenkasten794-KLEUR.xlsx_LADE50_H37
2025-03-18 16:09:24,300 - DEBUG - Product ID already exists: None
2025-03-18 16:09:24,300 - DEBUG - Product ID is None, trying to reverse mapping: 2022-P1BerekeningLadenkasten794-KLEUR.xlsx_LADE50_H37
2025-03-18 16:09:24,300 - DEBUG - Product ID not found in reverse mapping: 2022-P1BerekeningLadenkasten794-KLEUR.xlsx_LADE50_H37
2025-03-18 16:09:24,308 - DEBUG - Extracting cell info: None
2025-03-18 16:09:24,308 - DEBUG - Extracting cell info: 2022-P1BerekeningLadenkasten794-KLEUR.xlsx_FR496x194_H33
2025-03-18 16:09:24,308 - DEBUG - Product ID already exists: None
2025-03-18 16:09:24,308 - DEBUG - Product ID is None, trying to reverse mapping: 2022-P1BerekeningLadenkasten794-KLEUR.xlsx_FR496x194_H33
2025-03-18 16:09:24,308 - DEBUG - Product ID not found in reverse mapping: 2022-P1BerekeningLadenkasten794-KLEUR.xlsx_FR496x194_H33
2025-03-18 16:09:24,314 - DEBUG - Extracting cell info: CO4L45_2
2025-03-18 16:09:24,314 - DEBUG - Extracting cell info: 2022-P2Berekening2bLadenkasten794-KLEUR.xlsx_OVERZICHTCOP_G65
2025-03-18 16:09:24,314 - DEBUG - Product ID already exists: CO4L45_2
2025-03-18 16:09:24,323 - DEBUG - Extracting cell info: None
2025-03-18 16:09:24,324 - DEBUG - Extracting cell info: 2022-P1BerekeningLadenkasten794-KLEUR.xlsx_CO45_H59
2025-03-18 16:09:24,324 - DEBUG - Product ID already exists: None
2025-03-18 16:09:24,324 - DEBUG - Product ID is None, trying to reverse mapping: 2022-P1BerekeningLadenkasten794-KLEUR.xlsx_CO45_H59
2025-03-18 16:09:24,324 - DEBUG - Product ID not found in reverse mapping: 2022-P1BerekeningLadenkasten794-KLEUR.xlsx_CO45_H59
2025-03-18 16:09:24,331 - DEBUG - Extracting cell info: None
2025-03-18 16:09:24,332 - DEBUG - Extracting cell info: 2022-P1BerekeningLadenkasten794-KLEUR.xlsx_LADE45_H37
2025-03-18 16:09:24,332 - DEBUG - Product ID already exists: None
2025-03-18 16:09:24,332 - DEBUG - Product ID is None, trying to reverse mapping: 2022-P1BerekeningLadenkasten794-KLEUR.xlsx_LADE45_H37
2025-03-18 16:09:24,332 - DEBUG - Product ID not found in reverse mapping: 2022-P1BerekeningLadenkasten794-KLEUR.xlsx_LADE45_H37
2025-03-18 16:09:24,340 - DEBUG - Extracting cell info: None
2025-03-18 16:09:24,340 - DEBUG - Extracting cell info: 2022-P1BerekeningLadenkasten794-KLEUR.xlsx_FR446x196_H33
2025-03-18 16:09:24,340 - DEBUG - Product ID already exists: None
2025-03-18 16:09:24,341 - DEBUG - Product ID is None, trying to reverse mapping: 2022-P1BerekeningLadenkasten794-KLEUR.xlsx_FR446x196_H33
2025-03-18 16:09:24,341 - DEBUG - Product ID not found in reverse mapping: 2022-P1BerekeningLadenkasten794-KLEUR.xlsx_FR446x196_H33
2025-03-18 16:09:24,346 - DEBUG - Extracting cell info: C58B12056_5
2025-03-18 16:09:24,346 - DEBUG - Extracting cell info: 2022-P5BerekeningHangkast610-584KLEUR.xlsx_OVERZICHTC79B_P3
2025-03-18 16:09:24,346 - DEBUG - Product ID already exists: C58B12056_5
2025-03-18 16:09:26,128 - DEBUG - Extracting cell info: None
2025-03-18 16:09:26,128 - DEBUG - Extracting cell info: 2022-P5BerekeningHangkast610-584KLEUR.xlsx_79B120_H60
2025-03-18 16:09:26,128 - DEBUG - Product ID already exists: None
2025-03-18 16:09:26,128 - DEBUG - Product ID is None, trying to reverse mapping: 2022-P5BerekeningHangkast610-584KLEUR.xlsx_79B120_H60
2025-03-18 16:09:26,128 - DEBUG - Product ID not found in reverse mapping: 2022-P5BerekeningHangkast610-584KLEUR.xlsx_79B120_H60
2025-03-18 16:09:26,139 - DEBUG - Extracting cell info: None
2025-03-18 16:09:26,139 - DEBUG - Extracting cell info: 2022-P5BerekeningHangkast610-584KLEUR.xlsx_DE596x700(2stuks)_H39
2025-03-18 16:09:26,139 - DEBUG - Product ID already exists: None
2025-03-18 16:09:26,139 - DEBUG - Product ID is None, trying to reverse mapping: 2022-P5BerekeningHangkast610-584KLEUR.xlsx_DE596x700(2stuks)_H39
2025-03-18 16:09:26,139 - DEBUG - Product ID not found in reverse mapping: 2022-P5BerekeningHangkast610-584KLEUR.xlsx_DE596x700(2stuks)_H39
2025-03-18 16:09:26,146 - DEBUG - Extracting cell info: C58B11056_5
2025-03-18 16:09:26,146 - DEBUG - Extracting cell info: 2022-P5BerekeningHangkast610-584KLEUR.xlsx_OVERZICHTC79B_O3
2025-03-18 16:09:26,146 - DEBUG - Product ID already exists: C58B11056_5
2025-03-18 16:09:26,152 - DEBUG - Extracting cell info: None
2025-03-18 16:09:26,152 - DEBUG - Extracting cell info: 2022-P5BerekeningHangkast610-584KLEUR.xlsx_79B110_H60
2025-03-18 16:09:26,152 - DEBUG - Product ID already exists: None
2025-03-18 16:09:26,152 - DEBUG - Product ID is None, trying to reverse mapping: 2022-P5BerekeningHangkast610-584KLEUR.xlsx_79B110_H60
2025-03-18 16:09:26,152 - DEBUG - Product ID not found in reverse mapping: 2022-P5BerekeningHangkast610-584KLEUR.xlsx_79B110_H60
2025-03-18 16:09:26,160 - DEBUG - Extracting cell info: None
2025-03-18 16:09:26,160 - DEBUG - Extracting cell info: 2022-P5BerekeningHangkast610-584KLEUR.xlsx_DE546x700(2stuks)_H39
2025-03-18 16:09:26,160 - DEBUG - Product ID already exists: None
2025-03-18 16:09:26,160 - DEBUG - Product ID is None, trying to reverse mapping: 2022-P5BerekeningHangkast610-584KLEUR.xlsx_DE546x700(2stuks)_H39
2025-03-18 16:09:26,160 - DEBUG - Product ID not found in reverse mapping: 2022-P5BerekeningHangkast610-584KLEUR.xlsx_DE546x700(2stuks)_H39
2025-03-18 16:09:26,167 - DEBUG - Extracting cell info: COPBL50FLES_1
2025-03-18 16:09:26,168 - DEBUG - Extracting cell info: 2022-P1BerekeningFLES-LFR-PL794-KLEUR.xlsx_OVERZICHTPO_G3
2025-03-18 16:09:26,168 - DEBUG - Product ID already exists: COPBL50FLES_1
2025-03-18 16:09:27,832 - DEBUG - Extracting cell info: None
2025-03-18 16:09:27,832 - DEBUG - Extracting cell info: 2022-P1BerekeningFLES-LFR-PL794-KLEUR.xlsx_CO50_H597
2025-03-18 16:09:27,832 - DEBUG - Product ID already exists: None
2025-03-18 16:09:27,832 - DEBUG - Product ID is None, trying to reverse mapping: 2022-P1BerekeningFLES-LFR-PL794-KLEUR.xlsx_CO50_H597
2025-03-18 16:09:27,832 - DEBUG - Product ID not found in reverse mapping: 2022-P1BerekeningFLES-LFR-PL794-KLEUR.xlsx_CO50_H597
2025-03-18 16:09:27,844 - WARNING - Cell has no formula: H597 in CO50
2025-03-18 16:09:27,847 - DEBUG - Extracting cell info: None
2025-03-18 16:09:27,847 - DEBUG - Extracting cell info: 2022-P1BerekeningFLES-LFR-PL794-KLEUR.xlsx_PLADE50_H39
2025-03-18 16:09:27,847 - DEBUG - Product ID already exists: None
2025-03-18 16:09:27,847 - DEBUG - Product ID is None, trying to reverse mapping: 2022-P1BerekeningFLES-LFR-PL794-KLEUR.xlsx_PLADE50_H39
2025-03-18 16:09:27,847 - DEBUG - Product ID not found in reverse mapping: 2022-P1BerekeningFLES-LFR-PL794-KLEUR.xlsx_PLADE50_H39
2025-03-18 16:09:27,856 - DEBUG - Extracting cell info: None
2025-03-18 16:09:27,856 - DEBUG - Extracting cell info: 2022-P1BerekeningFLES-LFR-PL794-KLEUR.xlsx_FR496x790_H33
2025-03-18 16:09:27,856 - DEBUG - Product ID already exists: None
2025-03-18 16:09:27,856 - DEBUG - Product ID is None, trying to reverse mapping: 2022-P1BerekeningFLES-LFR-PL794-KLEUR.xlsx_FR496x790_H33
2025-03-18 16:09:27,856 - DEBUG - Product ID not found in reverse mapping: 2022-P1BerekeningFLES-LFR-PL794-KLEUR.xlsx_FR496x790_H33
2025-03-18 16:09:27,862 - DEBUG - Extracting cell info: None
2025-03-18 16:09:27,863 - DEBUG - Extracting cell info: 2022-P1BerekeningFLES-LFR-PL794-KLEUR.xlsx_OVERZICHTPO_F28
2025-03-18 16:09:27,863 - DEBUG - Product ID already exists: None
2025-03-18 16:09:27,863 - DEBUG - Product ID is None, trying to reverse mapping: 2022-P1BerekeningFLES-LFR-PL794-KLEUR.xlsx_OVERZICHTPO_F28
2025-03-18 16:09:27,863 - DEBUG - Product ID not found in reverse mapping: 2022-P1BerekeningFLES-LFR-PL794-KLEUR.xlsx_OVERZICHTPO_F28
2025-03-18 16:09:27,869 - DEBUG - Extracting cell info: None
2025-03-18 16:09:27,870 - DEBUG - Updated filename and sheet name: 2022 - P1 Berekening  Ladenkasten 794-KLEUR.xlsx OVERZICHT COP
2025-03-18 16:09:27,870 - DEBUG - Extracting cell info: 2022-P1BerekeningLadenkasten794-KLEUR.xlsx_OVERZICHTCOP_W19
2025-03-18 16:09:27,870 - DEBUG - Product ID already exists: None
2025-03-18 16:09:27,870 - DEBUG - Product ID is None, trying to reverse mapping: 2022-P1BerekeningLadenkasten794-KLEUR.xlsx_OVERZICHTCOP_W19
2025-03-18 16:09:27,870 - DEBUG - Product ID not found in reverse mapping: 2022-P1BerekeningLadenkasten794-KLEUR.xlsx_OVERZICHTCOP_W19
2025-03-18 16:09:27,877 - DEBUG - Extracting cell info: None
2025-03-18 16:09:27,877 - DEBUG - Extracting cell info: 2022-P1BerekeningLadenkasten794-KLEUR.xlsx_LADE50_H37
2025-03-18 16:09:27,877 - DEBUG - Product ID already exists: None
2025-03-18 16:09:27,877 - DEBUG - Product ID is None, trying to reverse mapping: 2022-P1BerekeningLadenkasten794-KLEUR.xlsx_LADE50_H37
2025-03-18 16:09:27,877 - DEBUG - Product ID not found in reverse mapping: 2022-P1BerekeningLadenkasten794-KLEUR.xlsx_LADE50_H37
2025-03-18 16:09:27,884 - DEBUG - Extracting cell info: None
2025-03-18 16:09:27,884 - DEBUG - Extracting cell info: 2022-P1BerekeningLadenkasten794-KLEUR.xlsx_LADE50_R37
2025-03-18 16:09:27,884 - DEBUG - Product ID already exists: None
2025-03-18 16:09:27,885 - DEBUG - Product ID is None, trying to reverse mapping: 2022-P1BerekeningLadenkasten794-KLEUR.xlsx_LADE50_R37
2025-03-18 16:09:27,885 - DEBUG - Product ID not found in reverse mapping: 2022-P1BerekeningLadenkasten794-KLEUR.xlsx_LADE50_R37
2025-03-18 16:09:27,891 - DEBUG - Extracting cell info: None
2025-03-18 16:09:27,892 - DEBUG - Extracting cell info: 2022-P1BerekeningLadenkasten794-KLEUR.xlsx_LADE50_R36
2025-03-18 16:09:27,892 - DEBUG - Product ID already exists: None
2025-03-18 16:09:27,892 - DEBUG - Product ID is None, trying to reverse mapping: 2022-P1BerekeningLadenkasten794-KLEUR.xlsx_LADE50_R36
2025-03-18 16:09:27,892 - DEBUG - Product ID not found in reverse mapping: 2022-P1BerekeningLadenkasten794-KLEUR.xlsx_LADE50_R36
2025-03-18 16:09:27,901 - DEBUG - Extracting cell info: None
2025-03-18 16:09:27,901 - DEBUG - Extracting cell info: 2022-P1BerekeningLadenkasten794-KLEUR.xlsx_LADE50_W13
2025-03-18 16:09:27,901 - DEBUG - Product ID already exists: None
2025-03-18 16:09:27,901 - DEBUG - Product ID is None, trying to reverse mapping: 2022-P1BerekeningLadenkasten794-KLEUR.xlsx_LADE50_W13
2025-03-18 16:09:27,901 - DEBUG - Product ID not found in reverse mapping: 2022-P1BerekeningLadenkasten794-KLEUR.xlsx_LADE50_W13
2025-03-18 16:09:27,911 - DEBUG - Extracting cell info: None
2025-03-18 16:09:27,911 - DEBUG - Extracting cell info: calculatiecat2022.xlsx_c.basis_I94
2025-03-18 16:09:27,911 - ERROR - None
2025-03-18 16:09:27,911 - DEBUG - Extracting cell info: None
2025-03-18 16:09:27,912 - DEBUG - Extracting cell info: 2022-P1BerekeningLadenkasten794-KLEUR.xlsx_LADE50_Q36
2025-03-18 16:09:27,912 - DEBUG - Product ID already exists: None
2025-03-18 16:09:27,912 - DEBUG - Product ID is None, trying to reverse mapping: 2022-P1BerekeningLadenkasten794-KLEUR.xlsx_LADE50_Q36
2025-03-18 16:09:27,912 - DEBUG - Product ID not found in reverse mapping: 2022-P1BerekeningLadenkasten794-KLEUR.xlsx_LADE50_Q36
2025-03-18 16:09:27,919 - WARNING - Cell has no formula: Q36 in LADE 50
2025-03-18 16:09:27,922 - DEBUG - Extracting cell info: None
2025-03-18 16:09:27,922 - DEBUG - Extracting cell info: 2022-P1BerekeningLadenkasten794-KLEUR.xlsx_LADE50_R35
2025-03-18 16:09:27,922 - DEBUG - Product ID already exists: None
2025-03-18 16:09:27,922 - DEBUG - Product ID is None, trying to reverse mapping: 2022-P1BerekeningLadenkasten794-KLEUR.xlsx_LADE50_R35
2025-03-18 16:09:27,922 - DEBUG - Product ID not found in reverse mapping: 2022-P1BerekeningLadenkasten794-KLEUR.xlsx_LADE50_R35
2025-03-18 16:09:27,930 - WARNING - Cell has no formula: R35 in LADE 50
2025-03-18 16:09:27,933 - DEBUG - Extracting cell info: None
2025-03-18 16:09:27,933 - DEBUG - Extracting cell info: 2022-P1BerekeningLadenkasten794-KLEUR.xlsx_LADE50_R34
2025-03-18 16:09:27,934 - DEBUG - Product ID already exists: None
2025-03-18 16:09:27,934 - DEBUG - Product ID is None, trying to reverse mapping: 2022-P1BerekeningLadenkasten794-KLEUR.xlsx_LADE50_R34
2025-03-18 16:09:27,934 - DEBUG - Product ID not found in reverse mapping: 2022-P1BerekeningLadenkasten794-KLEUR.xlsx_LADE50_R34
2025-03-18 16:09:27,941 - DEBUG - Extracting cell info: None
2025-03-18 16:09:27,942 - DEBUG - Extracting cell info: 2022-P1BerekeningLadenkasten794-KLEUR.xlsx_LADE50_W4
2025-03-18 16:09:27,942 - DEBUG - Product ID already exists: None
2025-03-18 16:09:27,942 - DEBUG - Product ID is None, trying to reverse mapping: 2022-P1BerekeningLadenkasten794-KLEUR.xlsx_LADE50_W4
2025-03-18 16:09:27,942 - DEBUG - Product ID not found in reverse mapping: 2022-P1BerekeningLadenkasten794-KLEUR.xlsx_LADE50_W4
2025-03-18 16:09:27,947 - DEBUG - Extracting cell info: None
2025-03-18 16:09:27,948 - DEBUG - Extracting cell info: calculatiecat2022.xlsx_c.basis_I92
2025-03-18 16:09:27,948 - ERROR - None
2025-03-18 16:09:27,948 - DEBUG - Extracting cell info: C58B10056_5
2025-03-18 16:09:27,948 - DEBUG - Extracting cell info: 2022-P5BerekeningHangkast610-584KLEUR.xlsx_OVERZICHTC79B_N3
2025-03-18 16:09:27,949 - DEBUG - Product ID already exists: C58B10056_5
2025-03-18 16:09:27,953 - DEBUG - Extracting cell info: None
2025-03-18 16:09:27,954 - DEBUG - Extracting cell info: 2022-P5BerekeningHangkast610-584KLEUR.xlsx_79B100_H60
2025-03-18 16:09:27,954 - DEBUG - Product ID already exists: None
2025-03-18 16:09:27,954 - DEBUG - Product ID is None, trying to reverse mapping: 2022-P5BerekeningHangkast610-584KLEUR.xlsx_79B100_H60
2025-03-18 16:09:27,954 - DEBUG - Product ID not found in reverse mapping: 2022-P5BerekeningHangkast610-584KLEUR.xlsx_79B100_H60
2025-03-18 16:09:27,962 - DEBUG - Extracting cell info: None
2025-03-18 16:09:27,962 - DEBUG - Extracting cell info: 2022-P5BerekeningHangkast610-584KLEUR.xlsx_DE496x700(2stuks)_H39
2025-03-18 16:09:27,962 - DEBUG - Product ID already exists: None
2025-03-18 16:09:27,963 - DEBUG - Product ID is None, trying to reverse mapping: 2022-P5BerekeningHangkast610-584KLEUR.xlsx_DE496x700(2stuks)_H39
2025-03-18 16:09:27,963 - DEBUG - Product ID not found in reverse mapping: 2022-P5BerekeningHangkast610-584KLEUR.xlsx_DE496x700(2stuks)_H39
2025-03-18 16:09:27,970 - DEBUG - Extracting cell info: C58B9056_5
2025-03-18 16:09:27,970 - DEBUG - Extracting cell info: 2022-P5BerekeningHangkast610-584KLEUR.xlsx_OVERZICHTC79B_M3
2025-03-18 16:09:27,971 - DEBUG - Product ID already exists: C58B9056_5
2025-03-18 16:09:27,976 - DEBUG - Extracting cell info: None
2025-03-18 16:09:27,977 - DEBUG - Extracting cell info: 2022-P5BerekeningHangkast610-584KLEUR.xlsx_79B90_H60
2025-03-18 16:09:27,977 - DEBUG - Product ID already exists: None
2025-03-18 16:09:27,977 - DEBUG - Product ID is None, trying to reverse mapping: 2022-P5BerekeningHangkast610-584KLEUR.xlsx_79B90_H60
2025-03-18 16:09:27,977 - DEBUG - Product ID not found in reverse mapping: 2022-P5BerekeningHangkast610-584KLEUR.xlsx_79B90_H60
2025-03-18 16:09:27,984 - DEBUG - Extracting cell info: None
2025-03-18 16:09:27,984 - DEBUG - Extracting cell info: 2022-P5BerekeningHangkast610-584KLEUR.xlsx_DE446x700(2STUKS)_H39
2025-03-18 16:09:27,984 - DEBUG - Product ID already exists: None
2025-03-18 16:09:27,984 - DEBUG - Product ID is None, trying to reverse mapping: 2022-P5BerekeningHangkast610-584KLEUR.xlsx_DE446x700(2STUKS)_H39
2025-03-18 16:09:27,984 - DEBUG - Product ID not found in reverse mapping: 2022-P5BerekeningHangkast610-584KLEUR.xlsx_DE446x700(2STUKS)_H39
2025-03-18 16:09:27,990 - DEBUG - Extracting cell info: C58B8056_5
2025-03-18 16:09:27,990 - DEBUG - Extracting cell info: 2022-P5BerekeningHangkast610-584KLEUR.xlsx_OVERZICHTC79B_L3
2025-03-18 16:09:27,991 - DEBUG - Product ID already exists: C58B8056_5
2025-03-18 16:09:27,995 - DEBUG - Extracting cell info: None
2025-03-18 16:09:27,995 - DEBUG - Extracting cell info: 2022-P5BerekeningHangkast610-584KLEUR.xlsx_79B80_H60
2025-03-18 16:09:27,995 - DEBUG - Product ID already exists: None
2025-03-18 16:09:27,995 - DEBUG - Product ID is None, trying to reverse mapping: 2022-P5BerekeningHangkast610-584KLEUR.xlsx_79B80_H60
2025-03-18 16:09:27,995 - DEBUG - Product ID not found in reverse mapping: 2022-P5BerekeningHangkast610-584KLEUR.xlsx_79B80_H60
2025-03-18 16:09:28,001 - DEBUG - Extracting cell info: None
2025-03-18 16:09:28,002 - DEBUG - Extracting cell info: 2022-P5BerekeningHangkast610-584KLEUR.xlsx_DE396x700(2STUKS)_H39
2025-03-18 16:09:28,002 - DEBUG - Product ID already exists: None
2025-03-18 16:09:28,002 - DEBUG - Product ID is None, trying to reverse mapping: 2022-P5BerekeningHangkast610-584KLEUR.xlsx_DE396x700(2STUKS)_H39
2025-03-18 16:09:28,002 - DEBUG - Product ID not found in reverse mapping: 2022-P5BerekeningHangkast610-584KLEUR.xlsx_DE396x700(2STUKS)_H39
2025-03-18 16:09:28,009 - DEBUG - Extracting cell info: C58B7056_5
2025-03-18 16:09:28,009 - DEBUG - Extracting cell info: 2022-P5BerekeningHangkast610-584KLEUR.xlsx_OVERZICHTC79B_K3
2025-03-18 16:09:28,009 - DEBUG - Product ID already exists: C58B7056_5
2025-03-18 16:09:28,014 - DEBUG - Extracting cell info: None
2025-03-18 16:09:28,015 - DEBUG - Extracting cell info: 2022-P5BerekeningHangkast610-584KLEUR.xlsx_79B70_H60
2025-03-18 16:09:28,015 - DEBUG - Product ID already exists: None
2025-03-18 16:09:28,015 - DEBUG - Product ID is None, trying to reverse mapping: 2022-P5BerekeningHangkast610-584KLEUR.xlsx_79B70_H60
2025-03-18 16:09:28,015 - DEBUG - Product ID not found in reverse mapping: 2022-P5BerekeningHangkast610-584KLEUR.xlsx_79B70_H60
2025-03-18 16:09:28,022 - DEBUG - Extracting cell info: None
2025-03-18 16:09:28,023 - DEBUG - Extracting cell info: 2022-P5BerekeningHangkast610-584KLEUR.xlsx_DE346x700(2STUKS)_H39
2025-03-18 16:09:28,023 - DEBUG - Product ID already exists: None
2025-03-18 16:09:28,023 - DEBUG - Product ID is None, trying to reverse mapping: 2022-P5BerekeningHangkast610-584KLEUR.xlsx_DE346x700(2STUKS)_H39
2025-03-18 16:09:28,023 - DEBUG - Product ID not found in reverse mapping: 2022-P5BerekeningHangkast610-584KLEUR.xlsx_DE346x700(2STUKS)_H39
2025-03-18 16:09:28,031 - DEBUG - Extracting cell info: C58B6056_5
2025-03-18 16:09:28,031 - DEBUG - Extracting cell info: 2022-P5BerekeningHangkast610-584KLEUR.xlsx_OVERZICHTC79B_J3
2025-03-18 16:09:28,031 - DEBUG - Product ID already exists: C58B6056_5
2025-03-18 16:09:28,036 - DEBUG - Extracting cell info: None
2025-03-18 16:09:28,036 - DEBUG - Extracting cell info: 2022-P5BerekeningHangkast610-584KLEUR.xlsx_79B60_H59
2025-03-18 16:09:28,036 - DEBUG - Product ID already exists: None
2025-03-18 16:09:28,036 - DEBUG - Product ID is None, trying to reverse mapping: 2022-P5BerekeningHangkast610-584KLEUR.xlsx_79B60_H59
2025-03-18 16:09:28,036 - DEBUG - Product ID not found in reverse mapping: 2022-P5BerekeningHangkast610-584KLEUR.xlsx_79B60_H59
2025-03-18 16:09:28,044 - DEBUG - Extracting cell info: None
2025-03-18 16:09:28,044 - DEBUG - Extracting cell info: 2022-P5BerekeningHangkast610-584KLEUR.xlsx_DE596x700_H39
2025-03-18 16:09:28,044 - DEBUG - Product ID already exists: None
2025-03-18 16:09:28,044 - DEBUG - Product ID is None, trying to reverse mapping: 2022-P5BerekeningHangkast610-584KLEUR.xlsx_DE596x700_H39
2025-03-18 16:09:28,044 - DEBUG - Product ID not found in reverse mapping: 2022-P5BerekeningHangkast610-584KLEUR.xlsx_DE596x700_H39
2025-03-18 16:09:28,051 - DEBUG - Extracting cell info: C58B5556_5
2025-03-18 16:09:28,052 - DEBUG - Extracting cell info: 2022-P5BerekeningHangkast610-584KLEUR.xlsx_OVERZICHTC79B_I3
2025-03-18 16:09:28,052 - DEBUG - Product ID already exists: C58B5556_5
2025-03-18 16:09:28,057 - DEBUG - Extracting cell info: None
2025-03-18 16:09:28,057 - DEBUG - Extracting cell info: 2022-P5BerekeningHangkast610-584KLEUR.xlsx_79B55_H59
2025-03-18 16:09:28,058 - DEBUG - Product ID already exists: None
2025-03-18 16:09:28,058 - DEBUG - Product ID is None, trying to reverse mapping: 2022-P5BerekeningHangkast610-584KLEUR.xlsx_79B55_H59
2025-03-18 16:09:28,058 - DEBUG - Product ID not found in reverse mapping: 2022-P5BerekeningHangkast610-584KLEUR.xlsx_79B55_H59
2025-03-18 16:09:28,065 - DEBUG - Extracting cell info: None
2025-03-18 16:09:28,066 - DEBUG - Extracting cell info: 2022-P5BerekeningHangkast610-584KLEUR.xlsx_DE546x700_H39
2025-03-18 16:09:28,066 - DEBUG - Product ID already exists: None
2025-03-18 16:09:28,066 - DEBUG - Product ID is None, trying to reverse mapping: 2022-P5BerekeningHangkast610-584KLEUR.xlsx_DE546x700_H39
2025-03-18 16:09:28,066 - DEBUG - Product ID not found in reverse mapping: 2022-P5BerekeningHangkast610-584KLEUR.xlsx_DE546x700_H39
2025-03-18 16:09:28,073 - DEBUG - Extracting cell info: C58B5056_5
2025-03-18 16:09:28,073 - DEBUG - Extracting cell info: 2022-P5BerekeningHangkast610-584KLEUR.xlsx_OVERZICHTC79B_H3
2025-03-18 16:09:28,073 - DEBUG - Product ID already exists: C58B5056_5
2025-03-18 16:09:28,081 - DEBUG - Extracting cell info: None
2025-03-18 16:09:28,082 - DEBUG - Extracting cell info: 2022-P5BerekeningHangkast610-584KLEUR.xlsx_79B50_H59
2025-03-18 16:09:28,082 - DEBUG - Product ID already exists: None
2025-03-18 16:09:28,082 - DEBUG - Product ID is None, trying to reverse mapping: 2022-P5BerekeningHangkast610-584KLEUR.xlsx_79B50_H59
2025-03-18 16:09:28,082 - DEBUG - Product ID not found in reverse mapping: 2022-P5BerekeningHangkast610-584KLEUR.xlsx_79B50_H59
2025-03-18 16:09:28,091 - DEBUG - Extracting cell info: None
2025-03-18 16:09:28,091 - DEBUG - Extracting cell info: 2022-P5BerekeningHangkast610-584KLEUR.xlsx_DE496x700_H39
2025-03-18 16:09:28,091 - DEBUG - Product ID already exists: None
2025-03-18 16:09:28,091 - DEBUG - Product ID is None, trying to reverse mapping: 2022-P5BerekeningHangkast610-584KLEUR.xlsx_DE496x700_H39
2025-03-18 16:09:28,091 - DEBUG - Product ID not found in reverse mapping: 2022-P5BerekeningHangkast610-584KLEUR.xlsx_DE496x700_H39
2025-03-18 16:09:28,098 - DEBUG - Extracting cell info: C58B4556_5
2025-03-18 16:09:28,098 - DEBUG - Extracting cell info: 2022-P5BerekeningHangkast610-584KLEUR.xlsx_OVERZICHTC79B_G3
2025-03-18 16:09:28,098 - DEBUG - Product ID already exists: C58B4556_5
2025-03-18 16:09:28,103 - DEBUG - Extracting cell info: None
2025-03-18 16:09:28,103 - DEBUG - Extracting cell info: 2022-P5BerekeningHangkast610-584KLEUR.xlsx_79B45_H59
2025-03-18 16:09:28,103 - DEBUG - Product ID already exists: None
2025-03-18 16:09:28,103 - DEBUG - Product ID is None, trying to reverse mapping: 2022-P5BerekeningHangkast610-584KLEUR.xlsx_79B45_H59
2025-03-18 16:09:28,103 - DEBUG - Product ID not found in reverse mapping: 2022-P5BerekeningHangkast610-584KLEUR.xlsx_79B45_H59
2025-03-18 16:09:28,111 - DEBUG - Extracting cell info: None
2025-03-18 16:09:28,112 - DEBUG - Extracting cell info: 2022-P5BerekeningHangkast610-584KLEUR.xlsx_DE446x700_H39
2025-03-18 16:09:28,112 - DEBUG - Product ID already exists: None
2025-03-18 16:09:28,112 - DEBUG - Product ID is None, trying to reverse mapping: 2022-P5BerekeningHangkast610-584KLEUR.xlsx_DE446x700_H39
2025-03-18 16:09:28,112 - DEBUG - Product ID not found in reverse mapping: 2022-P5BerekeningHangkast610-584KLEUR.xlsx_DE446x700_H39
2025-03-18 16:09:28,118 - DEBUG - Extracting cell info: C58B4056_5
2025-03-18 16:09:28,118 - DEBUG - Extracting cell info: 2022-P5BerekeningHangkast610-584KLEUR.xlsx_OVERZICHTC79B_F3
2025-03-18 16:09:28,118 - DEBUG - Product ID already exists: C58B4056_5
2025-03-18 16:09:28,122 - DEBUG - Extracting cell info: None
2025-03-18 16:09:28,123 - DEBUG - Extracting cell info: 2022-P5BerekeningHangkast610-584KLEUR.xlsx_79B40_H59
2025-03-18 16:09:28,123 - DEBUG - Product ID already exists: None
2025-03-18 16:09:28,123 - DEBUG - Product ID is None, trying to reverse mapping: 2022-P5BerekeningHangkast610-584KLEUR.xlsx_79B40_H59
2025-03-18 16:09:28,123 - DEBUG - Product ID not found in reverse mapping: 2022-P5BerekeningHangkast610-584KLEUR.xlsx_79B40_H59
2025-03-18 16:09:28,130 - DEBUG - Extracting cell info: None
2025-03-18 16:09:28,130 - DEBUG - Extracting cell info: 2022-P5BerekeningHangkast610-584KLEUR.xlsx_DE396x700_H39
2025-03-18 16:09:28,130 - DEBUG - Product ID already exists: None
2025-03-18 16:09:28,130 - DEBUG - Product ID is None, trying to reverse mapping: 2022-P5BerekeningHangkast610-584KLEUR.xlsx_DE396x700_H39
2025-03-18 16:09:28,130 - DEBUG - Product ID not found in reverse mapping: 2022-P5BerekeningHangkast610-584KLEUR.xlsx_DE396x700_H39
2025-03-18 16:09:28,137 - DEBUG - Extracting cell info: C58B3556_5
2025-03-18 16:09:28,137 - DEBUG - Extracting cell info: 2022-P5BerekeningHangkast610-584KLEUR.xlsx_OVERZICHTC79B_E3
2025-03-18 16:09:28,138 - DEBUG - Product ID already exists: C58B3556_5
2025-03-18 16:09:28,142 - DEBUG - Extracting cell info: None
2025-03-18 16:09:28,143 - DEBUG - Extracting cell info: 2022-P5BerekeningHangkast610-584KLEUR.xlsx_70B35_H59
2025-03-18 16:09:28,143 - DEBUG - Product ID already exists: None
2025-03-18 16:09:28,143 - DEBUG - Product ID is None, trying to reverse mapping: 2022-P5BerekeningHangkast610-584KLEUR.xlsx_70B35_H59
2025-03-18 16:09:28,143 - DEBUG - Product ID not found in reverse mapping: 2022-P5BerekeningHangkast610-584KLEUR.xlsx_70B35_H59
2025-03-18 16:09:28,150 - DEBUG - Extracting cell info: None
2025-03-18 16:09:28,150 - DEBUG - Extracting cell info: 2022-P5BerekeningHangkast610-584KLEUR.xlsx_DE346x700_H39
2025-03-18 16:09:28,150 - DEBUG - Product ID already exists: None
2025-03-18 16:09:28,151 - DEBUG - Product ID is None, trying to reverse mapping: 2022-P5BerekeningHangkast610-584KLEUR.xlsx_DE346x700_H39
2025-03-18 16:09:28,151 - DEBUG - Product ID not found in reverse mapping: 2022-P5BerekeningHangkast610-584KLEUR.xlsx_DE346x700_H39
2025-03-18 16:09:28,157 - DEBUG - Extracting cell info: C58B3056_5
2025-03-18 16:09:28,158 - DEBUG - Extracting cell info: 2022-P5BerekeningHangkast610-584KLEUR.xlsx_OVERZICHTC79B_D3
2025-03-18 16:09:28,158 - DEBUG - Product ID already exists: C58B3056_5
2025-03-18 16:09:28,163 - DEBUG - Extracting cell info: None
2025-03-18 16:09:28,163 - DEBUG - Extracting cell info: 2022-P5BerekeningHangkast610-584KLEUR.xlsx_70B30_H59
2025-03-18 16:09:28,163 - DEBUG - Product ID already exists: None
2025-03-18 16:09:28,163 - DEBUG - Product ID is None, trying to reverse mapping: 2022-P5BerekeningHangkast610-584KLEUR.xlsx_70B30_H59
2025-03-18 16:09:28,163 - DEBUG - Product ID not found in reverse mapping: 2022-P5BerekeningHangkast610-584KLEUR.xlsx_70B30_H59
2025-03-18 16:09:28,171 - DEBUG - Extracting cell info: None
2025-03-18 16:09:28,171 - DEBUG - Extracting cell info: 2022-P5BerekeningHangkast610-584KLEUR.xlsx_DE296x700_H39
2025-03-18 16:09:28,171 - DEBUG - Product ID already exists: None
2025-03-18 16:09:28,171 - DEBUG - Product ID is None, trying to reverse mapping: 2022-P5BerekeningHangkast610-584KLEUR.xlsx_DE296x700_H39
2025-03-18 16:09:28,171 - DEBUG - Product ID not found in reverse mapping: 2022-P5BerekeningHangkast610-584KLEUR.xlsx_DE296x700_H39
